[INFO  - 2016-10-27T14:24:09.069Z] GhostDriver - Main - running on port 28716
[INFO  - 2016-10-27T14:24:09.704Z] Session [067bf5d0-9c51-11e6-bafc-878180534e06] - page.settings - {"XSSAuditingEnabled":false,"javascriptCanCloseWindows":true,"javascriptCanOpenWindows":true,"javascriptEnabled":true,"loadImages":true,"localToRemoteUrlAccessEnabled":false,"userAgent":"Mozilla/5.0 (Windows NT 6.1; WOW64) AppleWebKit/538.1 (KHTML, like Gecko) PhantomJS/2.1.1 Safari/538.1","webSecurityEnabled":true}
[INFO  - 2016-10-27T14:24:09.705Z] Session [067bf5d0-9c51-11e6-bafc-878180534e06] - page.customHeaders:  - {}
[INFO  - 2016-10-27T14:24:09.705Z] Session [067bf5d0-9c51-11e6-bafc-878180534e06] - Session.negotiatedCapabilities - {"browserName":"phantomjs","version":"2.1.1","driverName":"ghostdriver","driverVersion":"1.2.0","platform":"windows-7-32bit","javascriptEnabled":true,"takesScreenshot":true,"handlesAlerts":false,"databaseEnabled":false,"locationContextEnabled":false,"applicationCacheEnabled":false,"browserConnectionEnabled":false,"cssSelectorsEnabled":true,"webStorageEnabled":false,"rotatable":false,"acceptSslCerts":false,"nativeEvents":true,"proxy":{"proxyType":"direct"}}
[INFO  - 2016-10-27T14:24:09.705Z] SessionManagerReqHand - _postNewSessionCommand - New Session Created: 067bf5d0-9c51-11e6-bafc-878180534e06
[INFO  - 2016-10-27T14:29:09.520Z] SessionManagerReqHand - _cleanupWindowlessSessions - Asynchronous Sessions clean-up phase starting NOW
e6-82c6-d76e25f8a0aa] - page.settings - {"XSSAuditingEnabled":false,"javascriptCanCloseWindows":true,"javascriptCanOpenWindows":true,"javascriptEnabled":true,"loadImages":true,"localToRemoteUrlAccessEnabled":false,"userAgent":"Mozilla/5.0 (Windows NT 6.1; WOW64) AppleWebKit/538.1 (KHTML, like Gecko) PhantomJS/2.1.1 Safari/538.1","webSecurityEnabled":true}
[INFO  - 2016-10-27T14:27:37.985Z] Session [82a11e60-9c51-11e6-82c6-d76e25f8a0aa] - page.customHeaders:  - {}
[INFO  - 2016-10-27T14:27:37.985Z] Session [82a11e60-9c51-11e6-82c6-d76e25f8a0aa] - Session.negotiatedCapabilities - {"browserName":"phantomjs","version":"2.1.1","driverName":"ghostdriver","driverVersion":"1.2.0","platform":"windows-7-32bit","javascriptEnabled":true,"takesScreenshot":true,"handlesAlerts":false,"databaseEnabled":false,"locationContextEnabled":false,"applicationCacheEnabled":false,"browserConnectionEnabled":false,"cssSelectorsEnabled":true,"webStorageEnabled":false,"rotatable":false,"acceptSslCerts":false,"nativeEvents":true,"proxy":{"proxyType":"direct"}}
[INFO  - 2016-10-27T14:27:37.985Z] SessionManagerReqHand - _postNewSessionCommand - New Session Created: 82a11e60-9c51-11e6-82c6-d76e25f8a0aa
[INFO  - 2016-10-27T14:32:37.468Z] SessionManagerReqHand - _cleanupWindowlessSessions - Asynchronous Sessions clean-up phase starting NOW
[INFO  - 2016-10-27T14:33:58.940Z] GhostDriver - Main - running on port 48916
[INFO  - 2016-10-27T14:33:59.674Z] Session [66223cf0-9c52-11e6-8bd4-e7ee7c7d6260] - page.settings - {"XSSAuditingEnabled":false,"javascriptCanCloseWindows":true,"javascriptCanOpenWindows":true,"javascriptEnabled":true,"loadImages":true,"localToRemoteUrlAccessEnabled":false,"userAgent":"Mozilla/5.0 (Windows NT 6.1; WOW64) AppleWebKit/538.1 (KHTML, like Gecko) PhantomJS/2.1.1 Safari/538.1","webSecurityEnabled":true}
[INFO  - 2016-10-27T14:33:59.674Z] Session [66223cf0-9c52-11e6-8bd4-e7ee7c7d6260] - page.customHeaders:  - {}
[INFO  - 2016-10-27T14:33:59.674Z] Session [66223cf0-9c52-11e6-8bd4-e7ee7c7d6260] - Session.negotiatedCapabilities - {"browserName":"phantomjs","version":"2.1.1","driverName":"ghostdriver","driverVersion":"1.2.0","platform":"windows-7-32bit","javascriptEnabled":true,"takesScreenshot":true,"handlesAlerts":false,"databaseEnabled":false,"locationContextEnabled":false,"applicationCacheEnabled":false,"browserConnectionEnabled":false,"cssSelectorsEnabled":true,"webStorageEnabled":false,"rotatable":false,"acceptSslCerts":false,"nativeEvents":true,"proxy":{"proxyType":"direct"}}
[INFO  - 2016-10-27T14:33:59.674Z] SessionManagerReqHand - _postNewSessionCommand - New Session Created: 66223cf0-9c52-11e6-8bd4-e7ee7c7d6260
[INFO  - 2016-10-27T14:38:59.181Z] SessionManagerReqHand - _cleanupWindowlessSessions - Asynchronous Sessions clean-up phase starting NOW
[INFO  - 2016-10-27T14:43:59.183Z] SessionManagerReqHand - _cleanupWindowlessSessions - Asynchronous Sessions clean-up phase starting NOW
[INFO  - 2016-10-27T14:47:48.583Z] GhostDriver - Main - running on port 17392
[INFO  - 2016-10-27T14:47:49.601Z] Session [54cee550-9c54-11e6-ae24-9b6b63c8e164] - page.settings - {"XSSAuditingEnabled":false,"javascriptCanCloseWindows":true,"javascriptCanOpenWindows":true,"javascriptEnabled":true,"loadImages":true,"localToRemoteUrlAccessEnabled":false,"userAgent":"Mozilla/5.0 (Windows NT 6.1; WOW64) AppleWebKit/538.1 (KHTML, like Gecko) PhantomJS/2.1.1 Safari/538.1","webSecurityEnabled":true}
[INFO  - 2016-10-27T14:47:49.601Z] Session [54cee550-9c54-11e6-ae24-9b6b63c8e164] - page.customHeaders:  - {}
[INFO  - 2016-10-27T14:47:49.601Z] Session [54cee550-9c54-11e6-ae24-9b6b63c8e164] - Session.negotiatedCapabilities - {"browserName":"phantomjs","version":"2.1.1","driverName":"ghostdriver","driverVersion":"1.2.0","platform":"windows-7-32bit","javascriptEnabled":true,"takesScreenshot":true,"handlesAlerts":false,"databaseEnabled":false,"locationContextEnabled":false,"applicationCacheEnabled":false,"browserConnectionEnabled":false,"cssSelectorsEnabled":true,"webStorageEnabled":false,"rotatable":false,"acceptSslCerts":false,"nativeEvents":true,"proxy":{"proxyType":"direct"}}
[INFO  - 2016-10-27T14:47:49.601Z] SessionManagerReqHand - _postNewSessionCommand - New Session Created: 54cee550-9c54-11e6-ae24-9b6b63c8e164
[INFO  - 2016-10-27T14:47:50.558Z] ShutdownReqHand - _handle - About to shutdown
[INFO  - 2016-10-27T14:49:47.433Z] GhostDriver - Main - running on port 26014
[INFO  - 2016-10-27T14:49:48.457Z] Session [9ba6e1d0-9c54-11e6-8078-55f576aec17b] - page.settings - {"XSSAuditingEnabled":false,"javascriptCanCloseWindows":true,"javascriptCanOpenWindows":true,"javascriptEnabled":true,"loadImages":true,"localToRemoteUrlAccessEnabled":false,"userAgent":"Mozilla/5.0 (Windows NT 6.1; WOW64) AppleWebKit/538.1 (KHTML, like Gecko) PhantomJS/2.1.1 Safari/538.1","webSecurityEnabled":true}
[INFO  - 2016-10-27T14:49:48.457Z] Session [9ba6e1d0-9c54-11e6-8078-55f576aec17b] - page.customHeaders:  - {}
[INFO  - 2016-10-27T14:49:48.457Z] Session [9ba6e1d0-9c54-11e6-8078-55f576aec17b] - Session.negotiatedCapabilities - {"browserName":"phantomjs","version":"2.1.1","driverName":"ghostdriver","driverVersion":"1.2.0","platform":"windows-7-32bit","javascriptEnabled":true,"takesScreenshot":true,"handlesAlerts":false,"databaseEnabled":false,"locationContextEnabled":false,"applicationCacheEnabled":false,"browserConnectionEnabled":false,"cssSelectorsEnabled":true,"webStorageEnabled":false,"rotatable":false,"acceptSslCerts":false,"nativeEvents":true,"proxy":{"proxyType":"direct"}}
[INFO  - 2016-10-27T14:49:48.457Z] SessionManagerReqHand - _postNewSessionCommand - New Session Created: 9ba6e1d0-9c54-11e6-8078-55f576aec17b
[INFO  - 2016-10-27T14:51:15.567Z] GhostDriver - Main - running on port 9774
[INFO  - 2016-10-27T14:51:16.609Z] Session [d031f660-9c54-11e6-b772-cb39000b5cb3] - page.settings - {"XSSAuditingEnabled":false,"javascriptCanCloseWindows":true,"javascriptCanOpenWindows":true,"javascriptEnabled":true,"loadImages":true,"localToRemoteUrlAccessEnabled":false,"userAgent":"Mozilla/5.0 (Windows NT 6.1; WOW64) AppleWebKit/538.1 (KHTML, like Gecko) PhantomJS/2.1.1 Safari/538.1","webSecurityEnabled":true}
[INFO  - 2016-10-27T14:51:16.609Z] Session [d031f660-9c54-11e6-b772-cb39000b5cb3] - page.customHeaders:  - {}
[INFO  - 2016-10-27T14:51:16.610Z] Session [d031f660-9c54-11e6-b772-cb39000b5cb3] - Session.negotiatedCapabilities - {"browserName":"phantomjs","version":"2.1.1","driverName":"ghostdriver","driverVersion":"1.2.0","platform":"windows-7-32bit","javascriptEnabled":true,"takesScreenshot":true,"handlesAlerts":false,"databaseEnabled":false,"locationContextEnabled":false,"applicationCacheEnabled":false,"browserConnectionEnabled":false,"cssSelectorsEnabled":true,"webStorageEnabled":false,"rotatable":false,"acceptSslCerts":false,"nativeEvents":true,"proxy":{"proxyType":"direct"}}
[INFO  - 2016-10-27T14:51:16.610Z] SessionManagerReqHand - _postNewSessionCommand - New Session Created: d031f660-9c54-11e6-b772-cb39000b5cb3
[INFO  - 2016-10-27T14:51:57.978Z] ShutdownReqHand - _handle - About to shutdown
[INFO  - 2016-10-27T14:55:58.803Z] GhostDriver - Main - running on port 2398
[INFO  - 2016-10-27T14:55:59.517Z] Session [78d24c20-9c55-11e6-baa2-a502c5cb6304] - page.settings - {"XSSAuditingEnabled":false,"javascriptCanCloseWindows":true,"javascriptCanOpenWindows":true,"javascriptEnabled":true,"loadImages":true,"localToRemoteUrlAccessEnabled":false,"userAgent":"Mozilla/5.0 (Windows NT 6.1; WOW64) AppleWebKit/538.1 (KHTML, like Gecko) PhantomJS/2.1.1 Safari/538.1","webSecurityEnabled":true}
[INFO  - 2016-10-27T14:55:59.517Z] Session [78d24c20-9c55-11e6-baa2-a502c5cb6304] - page.customHeaders:  - {}
[INFO  - 2016-10-27T14:55:59.517Z] Session [78d24c20-9c55-11e6-baa2-a502c5cb6304] - Session.negotiatedCapabilities - {"browserName":"phantomjs","version":"2.1.1","driverName":"ghostdriver","driverVersion":"1.2.0","platform":"windows-7-32bit","javascriptEnabled":true,"takesScreenshot":true,"handlesAlerts":false,"databaseEnabled":false,"locationContextEnabled":false,"applicationCacheEnabled":false,"browserConnectionEnabled":false,"cssSelectorsEnabled":true,"webStorageEnabled":false,"rotatable":false,"acceptSslCerts":false,"nativeEvents":true,"proxy":{"proxyType":"direct"}}
[INFO  - 2016-10-27T14:55:59.518Z] SessionManagerReqHand - _postNewSessionCommand - New Session Created: 78d24c20-9c55-11e6-baa2-a502c5cb6304
[INFO  - 2016-10-27T14:56:00.374Z] ShutdownReqHand - _handle - About to shutdown
[INFO  - 2016-10-27T17:56:11.089Z] GhostDriver - Main - running on port 21697
[INFO  - 2016-10-27T17:56:11.725Z] Session [a5667630-9c6e-11e6-bb29-07f18952d917] - page.settings - {"XSSAuditingEnabled":false,"javascriptCanCloseWindows":true,"javascriptCanOpenWindows":true,"javascriptEnabled":true,"loadImages":true,"localToRemoteUrlAccessEnabled":false,"userAgent":"Mozilla/5.0 (Windows NT 6.1; WOW64) AppleWebKit/538.1 (KHTML, like Gecko) PhantomJS/2.1.1 Safari/538.1","webSecurityEnabled":true}
[INFO  - 2016-10-27T17:56:11.725Z] Session [a5667630-9c6e-11e6-bb29-07f18952d917] - page.customHeaders:  - {}
[INFO  - 2016-10-27T17:56:11.725Z] Session [a5667630-9c6e-11e6-bb29-07f18952d917] - Session.negotiatedCapabilities - {"browserName":"phantomjs","version":"2.1.1","driverName":"ghostdriver","driverVersion":"1.2.0","platform":"windows-7-32bit","javascriptEnabled":true,"takesScreenshot":true,"handlesAlerts":false,"databaseEnabled":false,"locationContextEnabled":false,"applicationCacheEnabled":false,"browserConnectionEnabled":false,"cssSelectorsEnabled":true,"webStorageEnabled":false,"rotatable":false,"acceptSslCerts":false,"nativeEvents":true,"proxy":{"proxyType":"direct"}}
[INFO  - 2016-10-27T17:56:11.725Z] SessionManagerReqHand - _postNewSessionCommand - New Session Created: a5667630-9c6e-11e6-bb29-07f18952d917
[INFO  - 2016-10-27T17:56:13.349Z] ShutdownReqHand - _handle - About to shutdown
[INFO  - 2016-10-28T07:21:12.757Z] GhostDriver - Main - running on port 23576
[INFO  - 2016-10-28T07:21:13.413Z] Session [1b72d790-9cdf-11e6-ab68-3dc3bbbd41a2] - page.settings - {"XSSAuditingEnabled":false,"javascriptCanCloseWindows":true,"javascriptCanOpenWindows":true,"javascriptEnabled":true,"loadImages":true,"localToRemoteUrlAccessEnabled":false,"userAgent":"Mozilla/5.0 (Windows NT 6.1; WOW64) AppleWebKit/538.1 (KHTML, like Gecko) PhantomJS/2.1.1 Safari/538.1","webSecurityEnabled":true}
[INFO  - 2016-10-28T07:21:13.413Z] Session [1b72d790-9cdf-11e6-ab68-3dc3bbbd41a2] - page.customHeaders:  - {}
[INFO  - 2016-10-28T07:21:13.413Z] Session [1b72d790-9cdf-11e6-ab68-3dc3bbbd41a2] - Session.negotiatedCapabilities - {"browserName":"phantomjs","version":"2.1.1","driverName":"ghostdriver","driverVersion":"1.2.0","platform":"windows-7-32bit","javascriptEnabled":true,"takesScreenshot":true,"handlesAlerts":false,"databaseEnabled":false,"locationContextEnabled":false,"applicationCacheEnabled":false,"browserConnectionEnabled":false,"cssSelectorsEnabled":true,"webStorageEnabled":false,"rotatable":false,"acceptSslCerts":false,"nativeEvents":true,"proxy":{"proxyType":"direct"}}
[INFO  - 2016-10-28T07:21:13.413Z] SessionManagerReqHand - _postNewSessionCommand - New Session Created: 1b72d790-9cdf-11e6-ab68-3dc3bbbd41a2
[INFO  - 2016-10-28T07:21:50.099Z] ShutdownReqHand - _handle - About to shutdown
[INFO  - 2016-10-28T07:22:25.136Z] GhostDriver - Main - running on port 8572
[INFO  - 2016-10-28T07:22:25.947Z] Session [46aef510-9cdf-11e6-83dd-e32a6588eda0] - page.settings - {"XSSAuditingEnabled":false,"javascriptCanCloseWindows":true,"javascriptCanOpenWindows":true,"javascriptEnabled":true,"loadImages":true,"localToRemoteUrlAccessEnabled":false,"userAgent":"Mozilla/5.0 (Windows NT 6.1; WOW64) AppleWebKit/538.1 (KHTML, like Gecko) PhantomJS/2.1.1 Safari/538.1","webSecurityEnabled":true}
[INFO  - 2016-10-28T07:22:25.947Z] Session [46aef510-9cdf-11e6-83dd-e32a6588eda0] - page.customHeaders:  - {}
[INFO  - 2016-10-28T07:22:25.947Z] Session [46aef510-9cdf-11e6-83dd-e32a6588eda0] - Session.negotiatedCapabilities - {"browserName":"phantomjs","version":"2.1.1","driverName":"ghostdriver","driverVersion":"1.2.0","platform":"windows-7-32bit","javascriptEnabled":true,"takesScreenshot":true,"handlesAlerts":false,"databaseEnabled":false,"locationContextEnabled":false,"applicationCacheEnabled":false,"browserConnectionEnabled":false,"cssSelectorsEnabled":true,"webStorageEnabled":false,"rotatable":false,"acceptSslCerts":false,"nativeEvents":true,"proxy":{"proxyType":"direct"}}
[INFO  - 2016-10-28T07:22:25.948Z] SessionManagerReqHand - _postNewSessionCommand - New Session Created: 46aef510-9cdf-11e6-83dd-e32a6588eda0
[INFO  - 2016-10-28T07:22:26.644Z] ShutdownReqHand - _handle - About to shutdown
